Rc files read:
  NONE
Latexmk: This is Latexmk, John Collins, 7 Jan. 2023. Version 4.79.
No existing .aux file, so I'll make a simple one, and require run of *latex.
Latexmk: applying rule 'xelatex'...
Rule 'xelatex':  Reasons for rerun
Category 'other':
  Rerun of 'xelatex' forced or previously required

------------
Run number 1 of rule 'xelatex'
------------
------------
Running 'xelatex -no-pdf -synctex=1 -interaction=batchmode -file-line-error -shell-escape -recorder  "regularityanalytic.tex"'
------------
This is XeTeX, Version 3.141592653-2.6-0.999995 (TeX Live 2023) (preloaded format=xelatex)
 \write18 enabled.
entering extended mode

SyncTeX written on regularityanalytic.synctex.gz.Latexmk: Getting log file 'regularityanalytic.log'
Latexmk: Examining 'regularityanalytic.fls'
Latexmk: Examining 'regularityanalytic.log'
Latexmk: References changed.
Latexmk: References changed.
Latexmk: References changed.
Latexmk: Log file says output to 'regularityanalytic.xdv'
Latexmk: applying rule 'xelatex'...
Rule 'xelatex':  Reasons for rerun
Changed files or newly in use/created:
  regularityanalytic.aux
  regularityanalytic.out

------------
Run number 2 of rule 'xelatex'
------------
------------
Running 'xelatex -no-pdf -synctex=1 -interaction=batchmode -file-line-error -shell-escape -recorder  "regularityanalytic.tex"'
------------
This is XeTeX, Version 3.141592653-2.6-0.999995 (TeX Live 2023) (preloaded format=xelatex)
 \write18 enabled.
entering extended mode

SyncTeX written on regularityanalytic.synctex.gz.Latexmk: Getting log file 'regularityanalytic.log'
Latexmk: Examining 'regularityanalytic.fls'
Latexmk: Examining 'regularityanalytic.log'
Latexmk: Log file says output to 'regularityanalytic.xdv'
Latexmk: applying rule 'xdvipdfmx'...
Rule 'xdvipdfmx':  Reasons for rerun
Changed files or newly in use/created:
  regularityanalytic.xdv
Category 'changed_source_rules':
  xelatex
Category 'no_dest':
  xdvipdfmx

------------
Run number 1 of rule 'xdvipdfmx'
------------
------------
Running 'xdvipdfmx -E -o "regularityanalytic.pdf"  "regularityanalytic.xdv"'
------------
regularityanalytic.xdv -> regularityanalytic.pdf
[1][2][3][4]
71076 bytes written
Latexmk: ====List of undefined refs and citations:
  Reference `prop-Souslin-Lebesgue' on page 3 undefined on input line 210
  Reference `prop-Souslin-Lebesgue' on page 4 undefined on input line 251
Latexmk: Summary of warnings from last run of *latex:
  Latex failed to resolve 2 reference(s)
Latexmk: All targets (regularityanalytic.pdf) are up-to-date

