Rc files read:
  NONE
Latexmk: This is Latexmk, John Collins, 7 Jan. 2023. Version 4.79.
No existing .aux file, so I'll make a simple one, and require run of *latex.
Latexmk: applying rule 'xelatex'...
Rule 'xelatex':  Reasons for rerun
Category 'other':
  Rerun of 'xelatex' forced or previously required

------------
Run number 1 of rule 'xelatex'
------------
------------
Running 'xelatex -no-pdf -synctex=1 -interaction=batchmode -file-line-error -shell-escape -recorder  "recursion.tex"'
------------
This is XeTeX, Version 3.141592653-2.6-0.999995 (TeX Live 2023) (preloaded format=xelatex)
 \write18 enabled.
entering extended mode

SyncTeX written on recursion.synctex.gz.Latexmk: Getting log file 'recursion.log'
Latexmk: Examining 'recursion.fls'
Latexmk: Examining 'recursion.log'
Latexmk: References changed.
Latexmk: References changed.
Latexmk: References changed.
Latexmk: Log file says output to 'recursion.xdv'
Latexmk: applying rule 'xelatex'...
Rule 'xelatex':  Reasons for rerun
Changed files or newly in use/created:
  recursion.aux
  recursion.out

------------
Run number 2 of rule 'xelatex'
------------
------------
Running 'xelatex -no-pdf -synctex=1 -interaction=batchmode -file-line-error -shell-escape -recorder  "recursion.tex"'
------------
This is XeTeX, Version 3.141592653-2.6-0.999995 (TeX Live 2023) (preloaded format=xelatex)
 \write18 enabled.
entering extended mode

SyncTeX written on recursion.synctex.gz.Latexmk: Getting log file 'recursion.log'
Latexmk: Examining 'recursion.fls'
Latexmk: Examining 'recursion.log'
Latexmk: Log file says output to 'recursion.xdv'
Latexmk: applying rule 'xdvipdfmx'...
Rule 'xdvipdfmx':  Reasons for rerun
Changed files or newly in use/created:
  recursion.xdv
Category 'changed_source_rules':
  xelatex
Category 'no_dest':
  xdvipdfmx

------------
Run number 1 of rule 'xdvipdfmx'
------------
------------
Running 'xdvipdfmx -E -o "recursion.pdf"  "recursion.xdv"'
------------
recursion.xdv -> recursion.pdf
[1][2][3][4]
66502 bytes written
Latexmk: All targets (recursion.pdf) are up-to-date

