Rc files read:
  NONE
Latexmk: This is Latexmk, John Collins, 7 Jan. 2023. Version 4.79.
No existing .aux file, so I'll make a simple one, and require run of *latex.
Latexmk: applying rule 'xelatex'...
Rule 'xelatex':  Reasons for rerun
Category 'other':
  Rerun of 'xelatex' forced or previously required

------------
Run number 1 of rule 'xelatex'
------------
------------
Running 'xelatex -no-pdf -synctex=1 -interaction=batchmode -file-line-error -shell-escape -recorder  "zfc.tex"'
------------
This is XeTeX, Version 3.141592653-2.6-0.999995 (TeX Live 2023) (preloaded format=xelatex)
 \write18 enabled.
entering extended mode

SyncTeX written on zfc.synctex.gz.Latexmk: Missing bbl file 'zfc.bbl' in following:
 No file zfc.bbl.
Latexmk: Getting log file 'zfc.log'
Latexmk: Examining 'zfc.fls'
Latexmk: Examining 'zfc.log'
Latexmk: References changed.
Latexmk: References changed.
Latexmk: Log file says output to 'zfc.xdv'
Latexmk: Found bibliography file(s):
  ./main.bib
Latexmk: applying rule 'bibtex zfc'...
Rule 'bibtex zfc':  Reasons for rerun
Category 'other':
  Rerun of 'bibtex zfc' forced or previously required

------------
Run number 1 of rule 'bibtex zfc'
------------
------------
Running 'bibtex  "zfc.aux"'
------------
This is BibTeX, Version 0.99d (TeX Live 2023)
The top-level auxiliary file: zfc.aux
The style file: abbrvnat.bst
Database file #1: main.bib
Latexmk: applying rule 'xelatex'...
Rule 'xelatex':  Reasons for rerun
Changed files or newly in use/created:
  zfc.bbl

------------
Run number 2 of rule 'xelatex'
------------
------------
Running 'xelatex -no-pdf -synctex=1 -interaction=batchmode -file-line-error -shell-escape -recorder  "zfc.tex"'
------------
This is XeTeX, Version 3.141592653-2.6-0.999995 (TeX Live 2023) (preloaded format=xelatex)
 \write18 enabled.
entering extended mode

SyncTeX written on zfc.synctex.gz.Latexmk: Getting log file 'zfc.log'
Latexmk: Examining 'zfc.fls'
Latexmk: Examining 'zfc.log'
Latexmk: Found input bbl file 'zfc.bbl'
Latexmk: References changed.
Latexmk: Log file says output to 'zfc.xdv'
Latexmk: Found bibliography file(s):
  ./main.bib
Latexmk: applying rule 'bibtex zfc'...
Rule 'bibtex zfc':  Reasons for rerun
Changed files or newly in use/created:
  zfc.aux

------------
Run number 2 of rule 'bibtex zfc'
------------
------------
Running 'bibtex  "zfc.aux"'
------------
This is BibTeX, Version 0.99d (TeX Live 2023)
The top-level auxiliary file: zfc.aux
The style file: abbrvnat.bst
Database file #1: main.bib
Latexmk: applying rule 'xdvipdfmx'...
Rule 'xdvipdfmx':  Reasons for rerun
Changed files or newly in use/created:
  zfc.xdv
Category 'changed_source_rules':
  xelatex
Category 'no_dest':
  xdvipdfmx

------------
Run number 1 of rule 'xdvipdfmx'
------------
------------
Running 'xdvipdfmx -E -o "zfc.pdf"  "zfc.xdv"'
------------
zfc.xdv -> zfc.pdf
[1][2][3][4][5]
65200 bytes written
Latexmk: ====List of undefined refs and citations:
  Citation `Cantor_1895s' on page 1 undefined on input line 71
Latexmk: Summary of warnings from last run of *latex:
  Latex failed to resolve 1 citation(s)
Latexmk: All targets (zfc.pdf) are up-to-date
Collected error summary (may duplicate other messages):
  xelatex: Command for 'xelatex' gave return code 1
      Refer to 'zfc.log' and/or above output for details

