\BOOKMARK [-1][-]{part.1}{I\040Polish\040spaces}{}% 1
\BOOKMARK [0][-]{chapter.1}{Perfect\040Subsets\040of\040the\040Real\040Line}{part.1}% 2
\BOOKMARK [0][-]{chapter.2}{Polish\040Spaces}{part.1}% 3
\BOOKMARK [1][-]{section.2.1}{Review\040of\040some\040concepts\040from\040topology}{chapter.2}% 4
\BOOKMARK [2][-]{subsection.2.1.1}{Basis}{section.2.1}% 5
\BOOKMARK [2][-]{subsection.2.1.2}{Density}{section.2.1}% 6
\BOOKMARK [2][-]{subsection.2.1.3}{Products}{section.2.1}% 7
\BOOKMARK [1][-]{section.2.2}{\376\377\000P\000o\000l\000i\000s\000h\000\040\000s\000p\000a\000c\000e\000s\000\040\040\023\000\040\000t\000h\000e\000\040\000b\000a\000s\000i\000c\000s}{chapter.2}% 8
\BOOKMARK [1][-]{section.2.3}{Product\040spaces}{chapter.2}% 9
\BOOKMARK [0][-]{chapter.3}{Excursion:\040The\040Urysohn\040Space}{part.1}% 10
\BOOKMARK [1][-]{section.3.1}{Universal\040spaces}{chapter.3}% 11
\BOOKMARK [1][-]{section.3.2}{Extensions\040of\040finite\040isometries\040and\040Urysohn\040universality}{chapter.3}% 12
\BOOKMARK [1][-]{section.3.3}{\376\377\000C\000o\000n\000s\000t\000r\000u\000c\000t\000i\000n\000g\000\040\000t\000h\000e\000\040\000U\000r\000y\000s\000o\000h\000n\000\040\000s\000p\000a\000c\000e\000\040\040\023\000\040\000a\000\040\000f\000i\000r\000s\000t\000\040\000a\000p\000p\000r\000o\000x\000i\000m\000a\000t\000i\000o\000n}{chapter.3}% 13
\BOOKMARK [1][-]{section.3.4}{Finishing\040the\040construction}{chapter.3}% 14
\BOOKMARK [0][-]{chapter.4}{Trees}{part.1}% 15
\BOOKMARK [1][-]{section.4.1}{Orderings\040on\040trees}{chapter.4}% 16
\BOOKMARK [1][-]{section.4.2}{Coding\040trees}{chapter.4}% 17
\BOOKMARK [1][-]{section.4.3}{Trees\040and\040closed\040sets}{chapter.4}% 18
\BOOKMARK [1][-]{section.4.4}{Continuous\040mappings\040on\040product\040spaces}{chapter.4}% 19
\BOOKMARK [-1][-]{part.2}{II\040The\040Borel\040hierarchy}{}% 20
\BOOKMARK [0][-]{chapter.5}{Borel\040Sets}{part.2}% 21
\BOOKMARK [1][-]{section.5.1}{The\040Borel\040hierarchy}{chapter.5}% 22
\BOOKMARK [1][-]{section.5.2}{The\040Borel\040sets\040of\040finite\040order}{chapter.5}% 23
\BOOKMARK [1][-]{section.5.3}{\376\377\000E\000x\000a\000m\000p\000l\000e\000s\000\040\000o\000f\000\040\000B\000o\000r\000e\000l\000\040\000s\000e\000t\000s\000\040\040\023\000\040\000c\000o\000n\000t\000i\000n\000u\000i\000t\000y\000\040\000p\000o\000i\000n\000t\000s\000\040\000o\000f\000\040\000f\000u\000n\000c\000t\000i\000o\000n\000s}{chapter.5}% 24
\BOOKMARK [0][-]{chapter.6}{Subspaces\040of\040Polish\040Spaces}{part.2}% 25
\BOOKMARK [1][-]{section.6.1}{Borel\040set\040as\040clopen\040sets}{chapter.6}% 26
\BOOKMARK [0][-]{chapter.7}{Measure\040and\040Baire\040Category}{part.2}% 27
\BOOKMARK [1][-]{section.7.1}{Filters\040and\040Ideals}{chapter.7}% 28
\BOOKMARK [1][-]{section.7.2}{Measures}{chapter.7}% 29
\BOOKMARK [1][-]{section.7.3}{Lebesgue\040measure}{chapter.7}% 30
\BOOKMARK [1][-]{section.7.4}{Nullsets}{chapter.7}% 31
\BOOKMARK [1][-]{section.7.5}{Baire\040category}{chapter.7}% 32
\BOOKMARK [1][-]{section.7.6}{The\040Baire\040property}{chapter.7}% 33
\BOOKMARK [0][-]{chapter.8}{The\040Axiom\040of\040Choice}{part.2}% 34
\BOOKMARK [0][-]{chapter.9}{Coding\040Borel\040Sets}{part.2}% 35
\BOOKMARK [1][-]{section.9.1}{Some\040notation\040for\040reals,\040strings,\040and\040numbers}{chapter.9}% 36
\BOOKMARK [1][-]{section.9.2}{Borel\040codes\040of\040finite\040order}{chapter.9}% 37
\BOOKMARK [1][-]{section.9.3}{Computing\040with\040Borel\040codes}{chapter.9}% 38
\BOOKMARK [1][-]{section.9.4}{The\040effective\040Borel\040hierarchy}{chapter.9}% 39
\BOOKMARK [1][-]{section.9.5}{Relativization}{chapter.9}% 40
\BOOKMARK [1][-]{section.9.6}{Definability\040in\040Arithmetic}{chapter.9}% 41
\BOOKMARK [0][-]{chapter.10}{The\040Structure\040of\040Borel\040Sets}{part.2}% 42
\BOOKMARK [1][-]{section.10.1}{Notation}{chapter.10}% 43
\BOOKMARK [1][-]{section.10.2}{Normal\040forms}{chapter.10}% 44
\BOOKMARK [1][-]{section.10.3}{Closure\040properties}{chapter.10}% 45
\BOOKMARK [1][-]{section.10.4}{Universal\040sets}{chapter.10}% 46
\BOOKMARK [1][-]{section.10.5}{Borel\040sets\040of\040transfinite\040order}{chapter.10}% 47
\BOOKMARK [0][-]{chapter.11}{Continuous\040Images\040of\040Borel\040sets}{part.2}% 48
\BOOKMARK [1][-]{section.11.1}{Borel\040sets\040as\040continuous\040images\040of\040closed\040sets}{chapter.11}% 49
\BOOKMARK [1][-]{section.11.2}{Images\040of\040Borel\040sets\040under\040arbitrary\040continuous\040functions}{chapter.11}% 50
\BOOKMARK [-1][-]{part.3}{III\040Projective\040sets}{}% 51
\BOOKMARK [0][-]{chapter.12}{Analytic\040Sets}{part.3}% 52
\BOOKMARK [1][-]{section.12.1}{The\040Lusin\040Separation\040Theorem}{chapter.12}% 53
\BOOKMARK [1][-]{section.12.2}{The\040Souslin\040operation}{chapter.12}% 54
\BOOKMARK [0][-]{chapter.13}{Regularity\040Properties\040of\040Analytic\040sets}{part.3}% 55
\BOOKMARK [1][-]{section.13.1}{Idempotence\040of\040the\040Souslin\040operation}{chapter.13}% 56
\BOOKMARK [1][-]{section.13.2}{Lebesgue\040measurability\040of\040analytic\040sets}{chapter.13}% 57
\BOOKMARK [1][-]{section.13.3}{Universally\040measurable\040sets}{chapter.13}% 58
\BOOKMARK [1][-]{section.13.4}{Baire\040property\040of\040analytic\040sets}{chapter.13}% 59
\BOOKMARK [0][-]{chapter.14}{The\040Projective\040Hierarchy}{part.3}% 60
\BOOKMARK [1][-]{section.14.1}{The\040effective\040projective\040hierarchy}{chapter.14}% 61
\BOOKMARK [1][-]{section.14.2}{Examples\040of\040projective\040sets}{chapter.14}% 62
\BOOKMARK [1][-]{section.14.3}{Some\040structural\040properties\040of\040the\040projective\040hierarchy}{chapter.14}% 63
\BOOKMARK [1][-]{section.14.4}{Regularity\040properties\040of\040projective\040sets}{chapter.14}% 64
\BOOKMARK [0][-]{chapter.15}{Co-Analytic\040sets}{part.3}% 65
\BOOKMARK [1][-]{section.15.1}{Normal\040forms}{chapter.15}% 66
\BOOKMARK [1][-]{section.15.2}{\376\377\003\240\0001\0001\000-\000c\000o\000m\000p\000l\000e\000t\000e\000\040\000s\000e\000t\000s}{chapter.15}% 67
\BOOKMARK [1][-]{section.15.3}{Well-founded\040relations\040and\040well-orderings}{chapter.15}% 68
\BOOKMARK [-1][-]{part.4}{IV\040Axiomatic\040set\040theory}{}% 69
\BOOKMARK [0][-]{chapter.16}{The\040Axioms\040of\040Set\040Theory}{part.4}% 70
\BOOKMARK [1][-]{section.16.1}{Comprehension\040and\040Russell\040Antinomy}{chapter.16}% 71
\BOOKMARK [1][-]{section.16.2}{The\040Axioms\040of\040ZFC}{chapter.16}% 72
\BOOKMARK [1][-]{section.16.3}{Ordinals}{chapter.16}% 73
\BOOKMARK [0][-]{chapter.17}{Recursion\040and\040the\040Von-Neumann\040Hierarchy}{part.4}% 74
\BOOKMARK [1][-]{section.17.1}{Transfinite\040induction}{chapter.17}% 75
\BOOKMARK [1][-]{section.17.2}{Ordinal\040recursion}{chapter.17}% 76
\BOOKMARK [1][-]{section.17.3}{Recursion\040for\040well-founded\040relations}{chapter.17}% 77
\BOOKMARK [1][-]{section.17.4}{The\040Von-Neumann\040hierarchy}{chapter.17}% 78
\BOOKMARK [0][-]{chapter.18}{Models\040of\040Set\040Theory}{part.4}% 79
\BOOKMARK [1][-]{section.18.1}{Mostowski\040collapse}{chapter.18}% 80
\BOOKMARK [0][-]{chapter.19}{Large\040Cardinals}{part.4}% 81
\BOOKMARK [1][-]{section.19.1}{Inaccessible\040cardinals}{chapter.19}% 82
\BOOKMARK [1][-]{section.19.2}{Measurability}{chapter.19}% 83
\BOOKMARK [2][-]{subsection.19.2.1}{Measurable\040cardinals}{section.19.2}% 84
\BOOKMARK [1][-]{section.19.3}{Partition\040properties}{chapter.19}% 85
\BOOKMARK [-1][-]{part.5}{V\040Constructibility}{}% 86
\BOOKMARK [0][-]{chapter.20}{The\040Constructible\040Universe}{part.5}% 87
\BOOKMARK [1][-]{section.20.1}{Basic\040properties\040of\040L}{chapter.20}% 88
\BOOKMARK [1][-]{section.20.2}{Defining\040definability}{chapter.20}% 89
\BOOKMARK [2][-]{subsection.20.2.1}{Coding\040set\040theoretic\040formulas}{section.20.2}% 90
\BOOKMARK [2][-]{subsection.20.2.2}{Definability\040of\040syntactic\040notions}{section.20.2}% 91
\BOOKMARK [2][-]{subsection.20.2.3}{Definability\040of\040the\040satisfaction\040relation}{section.20.2}% 92
\BOOKMARK [2][-]{subsection.20.2.4}{Definability\040of\040definability}{section.20.2}% 93
\BOOKMARK [1][-]{section.20.3}{Cumulative\040hierarchies}{chapter.20}% 94
\BOOKMARK [1][-]{section.20.4}{Inner\040models}{chapter.20}% 95
\BOOKMARK [0][-]{chapter.21}{The\040Axiom\040of\040Constructibility}{part.5}% 96
\BOOKMARK [1][-]{section.21.1}{Constructibility\040and\040the\040Axiom\040of\040Choice}{chapter.21}% 97
\BOOKMARK [1][-]{section.21.2}{Condensation\040and\040the\040Continuum\040Hypothesis}{chapter.21}% 98
\BOOKMARK [0][-]{chapter.22}{Constructible\040Reals}{part.5}% 99
\BOOKMARK [1][-]{section.22.1}{The\040set\040of\040constructible\040reals}{chapter.22}% 100
\BOOKMARK [1][-]{section.22.2}{\376\377\000A\000n\000\040\000u\000n\000c\000o\000u\000n\000t\000a\000b\000l\000e\000\040\003\240\0001\0001\000\040\000s\000e\000t\000\040\000w\000i\000t\000h\000o\000u\000t\000\040\000a\000\040\000p\000e\000r\000f\000e\000c\000t\000\040\000s\000u\000b\000s\000e\000t}{chapter.22}% 101
\BOOKMARK [0][-]{chapter.23}{Shoenfield\040Absoluteness}{part.5}% 102
\BOOKMARK [1][-]{section.23.1}{\376\377\000T\000r\000e\000e\000\040\000r\000e\000p\000r\000e\000s\000e\000n\000t\000a\000t\000i\000o\000n\000s\000\040\000o\000f\000\040\003\243\0001\0002\000\040\000s\000e\000t\000s}{chapter.23}% 103
\BOOKMARK [1][-]{section.23.2}{\376\377\003\243\0001\0002\000\040\000s\000e\000t\000s\000\040\000a\000s\000\040\000u\000n\000i\000o\000n\000s\000\040\000o\000f\000\040\000B\000o\000r\000e\000l\000\040\000s\000e\000t\000s}{chapter.23}% 104
\BOOKMARK [1][-]{section.23.3}{\376\377\000A\000b\000s\000o\000l\000u\000t\000e\000n\000e\000s\000s\000\040\000o\000f\000\040\003\243\0001\0002\000\040\000r\000e\000l\000a\000t\000i\000o\000n\000s}{chapter.23}% 105
\BOOKMARK [-1][-]{part.6}{VI\040Reference}{}% 106
\BOOKMARK [0][-]{chapter.24}{Bibliography}{part.6}% 107
\BOOKMARK [0][-]{chapter*.13}{Bibliography}{part.6}% 108
\BOOKMARK [0][-]{section*.14}{Proof\040Index}{part.6}% 109
