Rc files read:
  NONE
Latexmk: This is Latexmk, John Collins, 7 Jan. 2023. Version 4.79.
No existing .aux file, so I'll make a simple one, and require run of *latex.
Latexmk: applying rule 'xelatex'...
Rule 'xelatex':  Reasons for rerun
Category 'other':
  Rerun of 'xelatex' forced or previously required

------------
Run number 1 of rule 'xelatex'
------------
------------
Running 'xelatex -no-pdf -synctex=1 -interaction=batchmode -file-line-error -shell-escape -recorder  "descriptive_set_theory.tex"'
------------
This is XeTeX, Version 3.141592653-2.6-0.999995 (TeX Live 2023) (preloaded format=xelatex)
 \write18 enabled.
entering extended mode

SyncTeX written on descriptive_set_theory.synctex.gz.Latexmk: Missing input file 'descriptive_set_theory.toc' (or dependence on it) from following:
  No file descriptive_set_theory.toc.
Latexmk: Missing bbl file 'descriptive_set_theory.bbl' in following:
 No file descriptive_set_theory.bbl.
Latexmk: Getting log file 'descriptive_set_theory.log'
Latexmk: Examining 'descriptive_set_theory.fls'
Latexmk: Examining 'descriptive_set_theory.log'
Latexmk: References changed.
Latexmk: References changed.
Latexmk: References changed.
Latexmk: Log file says output to 'descriptive_set_theory.xdv'
Latexmk: Found bibliography file(s):
  ./main.bib
Latexmk: applying rule 'bibtex descriptive_set_theory'...
Rule 'bibtex descriptive_set_theory':  Reasons for rerun
Category 'other':
  Rerun of 'bibtex descriptive_set_theory' forced or previously required

------------
Run number 1 of rule 'bibtex descriptive_set_theory'
------------
------------
Running 'bibtex  "descriptive_set_theory.aux"'
------------
This is BibTeX, Version 0.99d (TeX Live 2023)
The top-level auxiliary file: descriptive_set_theory.aux
The style file: abbrvnat.bst
Database file #1: main.bib
Latexmk: applying rule 'xelatex'...
Rule 'xelatex':  Reasons for rerun
Changed files or newly in use/created:
  descriptive_set_theory.bbl

------------
Run number 2 of rule 'xelatex'
------------
------------
Running 'xelatex -no-pdf -synctex=1 -interaction=batchmode -file-line-error -shell-escape -recorder  "descriptive_set_theory.tex"'
------------
This is XeTeX, Version 3.141592653-2.6-0.999995 (TeX Live 2023) (preloaded format=xelatex)
 \write18 enabled.
entering extended mode

SyncTeX written on descriptive_set_theory.synctex.gz.Latexmk: Getting log file 'descriptive_set_theory.log'
Latexmk: Examining 'descriptive_set_theory.fls'
Latexmk: Examining 'descriptive_set_theory.log'
Latexmk: Found input bbl file 'descriptive_set_theory.bbl'
Latexmk: References changed.
Latexmk: Log file says output to 'descriptive_set_theory.xdv'
Latexmk: Found bibliography file(s):
  ./main.bib
Latexmk: applying rule 'bibtex descriptive_set_theory'...
Rule 'bibtex descriptive_set_theory':  Reasons for rerun
Changed files or newly in use/created:
  descriptive_set_theory.aux

------------
Run number 2 of rule 'bibtex descriptive_set_theory'
------------
------------
Running 'bibtex  "descriptive_set_theory.aux"'
------------
This is BibTeX, Version 0.99d (TeX Live 2023)
The top-level auxiliary file: descriptive_set_theory.aux
The style file: abbrvnat.bst
Database file #1: main.bib
Latexmk: applying rule 'xdvipdfmx'...
Rule 'xdvipdfmx':  Reasons for rerun
Changed files or newly in use/created:
  descriptive_set_theory.xdv
Category 'changed_source_rules':
  xelatex
Category 'no_dest':
  xdvipdfmx

------------
Run number 1 of rule 'xdvipdfmx'
------------
------------
Running 'xdvipdfmx -E -o "descriptive_set_theory.pdf"  "descriptive_set_theory.xdv"'
------------
descriptive_set_theory.xdv -> descriptive_set_theory.pdf
[1][2
xdvipdfmx:warning: Object @page.i already defined.
][3][4
xdvipdfmx:warning: Invalid ICC profile: Inconsistent checksum.

pdf_color>> ICC Profile Info
pdf_color>> Profile Size:	544 bytes
pdf_color>> CMM Type:	appl
pdf_color>> Profile Version:	2.1.0
pdf_color>> Device Class:	mntr
pdf_color>> Color Space:	RGB 
pdf_color>> Connection Space:	XYZ 
pdf_color>> Creation Date:	2022:01:21:18:29:14
pdf_color>> Primary Platform:	APPL
pdf_color>> Profile Flags:	00:00:00:00
pdf_color>> Device Mnfct:	APPL
pdf_color>> Device Model:	(null)
pdf_color>> Device Attr:	00:00:00:00:00:00:00:00
pdf_color>> Rendering Intent:	Perceptual
pdf_color>> Creator:	appl
pdf_color>> Illuminant (XYZ):	0.964 1.000 0.825
pdf_color>> Checksum:	94:33:b6:ce:5c:38:b0:87:10:97:65:d1:b6:64:f3:35
pdf_color>> Calculated:	07:cb:e8:ba:25:d7:81:b9:4a:85:c2:48:43:81:89:8e
][5][6][7][8][9][10][11][12][13][14][15][16][17][18][19][20][21][22][23][24][25][26][27][28][29][30][31][32][33][34][35][36][37][38][39][40][41][42][43][44][45][46][47][48][49][50][51][52][53][54][55][56][57][58][59][60][61][62][63][64][65][66][67][68][69][70][71][72][73][74][75][76][77][78][79][80][81][82][83][84][85][86][87][88][89][90][91][92][93][94][95][96][97][98][99][100][101][102][103][104][105][106]
815038 bytes written
Latexmk: ====List of undefined refs and citations:
  Citation `jech2003a' on page 1 undefined on input line 53
  Missing character: There is no   ("2003) in font ec-lmri10!
  Missing character: There is no   ("2003) in font ec-lmri10!
  Missing character: There is no   ("2003) in font ec-lmri10!
  Missing character: There is no   ("2003) in font ec-lmri10!
  Citation `Urysohn:1927a' on page 14 undefined on input line 28
  Citation `Macpherson:2011a' on page 15 undefined on input line 85
 And 69 more --- see log file.
Latexmk: Summary of warnings from last run of *latex:
  Latex failed to resolve 53 reference(s)
  =====Latex reported missing or unavailable character(s).
=====See log file for details.
  Latex failed to resolve 16 citation(s)
Latexmk: All targets (descriptive_set_theory.pdf) are up-to-date
Collected error summary (may duplicate other messages):
  xelatex: Command for 'xelatex' gave return code 1
      Refer to 'descriptive_set_theory.log' and/or above output for details

