\BOOKMARK [1][-]{section.0.1}{\376\377\000I\000n\000t\000r\000o\000d\000u\000c\000t\000i\000o\000n\000:\000\040\000P\000e\000r\000f\000e\000c\000t\000\040\000S\000u\000b\000s\000e\000t\000s\000\040\000o\000f\000\040\000t\000h\000e\000\040\000R\000e\000a\000l\000\040\000L\000i\000n\000e}{}% 1
\BOOKMARK [1][-]{section.0.2}{\376\377\000O\000r\000d\000i\000n\000a\000l\000s\000\040\000a\000n\000d\000\040\000c\000a\000r\000d\000i\000n\000a\000l\000s}{}% 2
\BOOKMARK [2][-]{subsection.0.2.1}{\376\377\000O\000r\000d\000i\000n\000a\000l\000s}{section.0.2}% 3
\BOOKMARK [1][-]{section.0.3}{\376\377\000P\000o\000l\000i\000s\000h\000\040\000s\000p\000a\000c\000e\000s}{}% 4
\BOOKMARK [2][-]{subsection.0.3.1}{\376\377\000P\000o\000l\000i\000s\000h\000\040\000S\000p\000a\000c\000e\000s}{section.0.3}% 5
\BOOKMARK [2][-]{subsection.0.3.2}{\376\377\000E\000x\000c\000u\000r\000s\000i\000o\000n\000:\000\040\000T\000h\000e\000\040\000U\000r\000y\000s\000o\000h\000n\000\040\000S\000p\000a\000c\000e}{section.0.3}% 6
\BOOKMARK [2][-]{subsection.0.3.3}{\376\377\000T\000r\000e\000e\000s}{section.0.3}% 7
\BOOKMARK [1][-]{section.0.4}{\376\377\000T\000h\000e\000\040\000B\000o\000r\000e\000l\000\040\000h\000i\000e\000r\000a\000r\000c\000h\000y}{}% 8
\BOOKMARK [2][-]{subsection.0.4.1}{\376\377\000B\000o\000r\000e\000l\000\040\000S\000e\000t\000s}{section.0.4}% 9
\BOOKMARK [2][-]{subsection.0.4.2}{\376\377\000S\000u\000b\000s\000p\000a\000c\000e\000s\000\040\000o\000f\000\040\000P\000o\000l\000i\000s\000h\000\040\000S\000p\000a\000c\000e\000s}{section.0.4}% 10
\BOOKMARK [2][-]{subsection.0.4.3}{\376\377\000M\000e\000a\000s\000u\000r\000e\000\040\000a\000n\000d\000\040\000B\000a\000i\000r\000e\000\040\000C\000a\000t\000e\000g\000o\000r\000y}{section.0.4}% 11
\BOOKMARK [2][-]{subsection.0.4.4}{\376\377\000T\000h\000e\000\040\000A\000x\000i\000o\000m\000\040\000o\000f\000\040\000C\000h\000o\000i\000c\000e}{section.0.4}% 12
\BOOKMARK [2][-]{subsection.0.4.5}{\376\377\000C\000o\000d\000i\000n\000g\000\040\000B\000o\000r\000e\000l\000\040\000S\000e\000t\000s}{section.0.4}% 13
\BOOKMARK [2][-]{subsection.0.4.6}{\376\377\000T\000h\000e\000\040\000S\000t\000r\000u\000c\000t\000u\000r\000e\000\040\000o\000f\000\040\000B\000o\000r\000e\000l\000\040\000S\000e\000t\000s}{section.0.4}% 14
\BOOKMARK [2][-]{subsection.0.4.7}{\376\377\000C\000o\000n\000t\000i\000n\000u\000o\000u\000s\000\040\000I\000m\000a\000g\000e\000s\000\040\000o\000f\000\040\000B\000o\000r\000e\000l\000\040\000s\000e\000t\000s}{section.0.4}% 15
\BOOKMARK [1][-]{section.0.5}{\376\377\000P\000r\000o\000j\000e\000c\000t\000i\000v\000e\000\040\000s\000e\000t\000s}{}% 16
\BOOKMARK [2][-]{subsection.0.5.1}{\376\377\000A\000n\000a\000l\000y\000t\000i\000c\000\040\000S\000e\000t\000s}{section.0.5}% 17
\BOOKMARK [2][-]{subsection.0.5.2}{\376\377\000R\000e\000g\000u\000l\000a\000r\000i\000t\000y\000\040\000P\000r\000o\000p\000e\000r\000t\000i\000e\000s\000\040\000o\000f\000\040\000A\000n\000a\000l\000y\000t\000i\000c\000\040\000s\000e\000t\000s}{section.0.5}% 18
\BOOKMARK [2][-]{subsection.0.5.3}{\376\377\000T\000h\000e\000\040\000P\000r\000o\000j\000e\000c\000t\000i\000v\000e\000\040\000H\000i\000e\000r\000a\000r\000c\000h\000y}{section.0.5}% 19
\BOOKMARK [2][-]{subsection.0.5.4}{\376\377\000C\000o\000-\000A\000n\000a\000l\000y\000t\000i\000c\000\040\000s\000e\000t\000s}{section.0.5}% 20
\BOOKMARK [1][-]{section.0.6}{\376\377\000A\000x\000i\000o\000m\000a\000t\000i\000c\000\040\000s\000e\000t\000\040\000t\000h\000e\000o\000r\000y}{}% 21
\BOOKMARK [2][-]{subsection.0.6.1}{\376\377\000T\000h\000e\000\040\000A\000x\000i\000o\000m\000s\000\040\000o\000f\000\040\000S\000e\000t\000\040\000T\000h\000e\000o\000r\000y}{section.0.6}% 22
\BOOKMARK [2][-]{subsection.0.6.2}{\376\377\000R\000e\000c\000u\000r\000s\000i\000o\000n\000\040\000a\000n\000d\000\040\000t\000h\000e\000\040\000V\000o\000n\000-\000N\000e\000u\000m\000a\000n\000n\000\040\000H\000i\000e\000r\000a\000r\000c\000h\000y}{section.0.6}% 23
\BOOKMARK [2][-]{subsection.0.6.3}{\376\377\000M\000o\000d\000e\000l\000s\000\040\000o\000f\000\040\000S\000e\000t\000\040\000T\000h\000e\000o\000r\000y}{section.0.6}% 24
\BOOKMARK [2][-]{subsection.0.6.4}{\376\377\000L\000a\000r\000g\000e\000\040\000C\000a\000r\000d\000i\000n\000a\000l\000s}{section.0.6}% 25
\BOOKMARK [1][-]{section.0.7}{\376\377\000C\000o\000n\000s\000t\000r\000u\000c\000t\000i\000b\000i\000l\000i\000t\000y}{}% 26
\BOOKMARK [2][-]{subsection.0.7.1}{\376\377\000T\000h\000e\000\040\000C\000o\000n\000s\000t\000r\000u\000c\000t\000i\000b\000l\000e\000\040\000U\000n\000i\000v\000e\000r\000s\000e}{section.0.7}% 27
\BOOKMARK [2][-]{subsection.0.7.2}{\376\377\000T\000h\000e\000\040\000A\000x\000i\000o\000m\000\040\000o\000f\000\040\000C\000o\000n\000s\000t\000r\000u\000c\000t\000i\000b\000i\000l\000i\000t\000y}{section.0.7}% 28
\BOOKMARK [2][-]{subsection.0.7.3}{\376\377\000C\000o\000n\000s\000t\000r\000u\000c\000t\000i\000b\000l\000e\000\040\000R\000e\000a\000l\000s}{section.0.7}% 29
\BOOKMARK [2][-]{subsection.0.7.4}{\376\377\000S\000h\000o\000e\000n\000f\000i\000e\000l\000d\000\040\000A\000b\000s\000o\000l\000u\000t\000e\000n\000e\000s\000s}{section.0.7}% 30
\BOOKMARK [1][-]{section.0.8}{\376\377\000R\000e\000f\000e\000r\000e\000n\000c\000e}{}% 31
\BOOKMARK [2][-]{subsection.0.8.1}{\376\377\000B\000i\000b\000l\000i\000o\000g\000r\000a\000p\000h\000y}{section.0.8}% 32
